<?xml version="1.0" encoding="UTF-8"?>
<testsuite xmlns:xsi="http://www.w3.org/2001/XMLSchema-instance" xsi:noNamespaceSchemaLocation="https://maven.apache.org/surefire/maven-surefire-plugin/xsd/surefire-test-report-3.0.xsd" version="3.0" name="analyzer.StudentAnalyzerTest" time="0.067" tests="11" errors="0" skipped="0" failures="0">
  <properties>
[...]
</properties>
  <testcase name="testCalculateValidAverage_AllInvalid" classname="analyzer.StudentAnalyzerTest" time="0.025"/>
  <testcase name="testCountExcellentStudents_BoundaryValues" classname="analyzer.StudentAnalyzerTest" time="0.004"/>
  <testcase name="testCountExcellentStudents_MixedValues" classname="analyzer.StudentAnalyzerTest" time="0.001"/>
  <testcase name="testCalculateValidAverage_AllValid" classname="analyzer.StudentAnalyzerTest" time="0.001"/>
  <testcase name="testCountExcellentStudents_NullList" classname="analyzer.StudentAnalyzerTest" time="0.001"/>
  <testcase name="testCalculateValidAverage_EmptyList" classname="analyzer.StudentAnalyzerTest" time="0.0"/>
  <testcase name="testCalculateValidAverage_NullList" classname="analyzer.StudentAnalyzerTest" time="0.001"/>
  <testcase name="testCalculateValidAverage_BoundaryValues" classname="analyzer.StudentAnalyzerTest" time="0.0"/>
  <testcase name="testCountExcellentStudents_AllInvalid" classname="analyzer.StudentAnalyzerTest" time="0.0"/>
  <testcase name="testCalculateValidAverage_MixedValues" classname="analyzer.StudentAnalyzerTest" time="0.0"/>
  <testcase name="testCountExcellentStudents_EmptyList" classname="analyzer.StudentAnalyzerTest" time="0.0"/>
</testsuite>